Filename: main_bosch.py

Line #    Mem usage    Increment   Line Contents
================================================
   288    168.5 MiB      0.0 MiB   @profile(stream=f_mem)
   289                             def main(run_info_fname=None,
   290                                      compile_data=False,
   291                                      train_model=False,
   292                                      make_submission=False,
   293                                      N_start=None,
   294                                      N_files_train=1,
   295                                      N_files_test=1,
   296                                      feature_down_select=False,
   297                                      N_features=250,
   298                                      analyze_feature_importance=False,
   299                                      cv=False,
   300                                      # if True running cross validation if False, run single model training session and importance analysis
   301                                      early_stop_rounds=10,
   302                                      N_rounds=100,
   303                                      testsize=0.1
   304                                      ):
   305    168.5 MiB      0.0 MiB       datetime_str = datetime.datetime.now().strftime("%Y-%m-%d %H:%M:%S")
   306                             
   307    168.5 MiB      0.0 MiB       if compile_data:
   308                                     run_info = dict()
   309                                     N_splits = ub.N_split
   310                                     if N_files_train > N_splits:
   311                                         N_files_train = N_splits
   312                                     if N_files_test > N_splits:
   313                                         N_files_test = N_splits
   314                             
   315                                     if analyze_feature_importance and feature_down_select:
   316                                         assert 0
   317                             
   318                                     run_info['N_splits'] = N_splits
   319                                     run_info['N_files_train'] = N_files_train
   320                                     run_info['N_files_test'] = N_files_test
   321                                     run_info['feature_down_select'] = feature_down_select
   322                                     run_info['N_features'] = N_features
   323                                     run_info['cv'] = cv
   324                                     run_info['analyze_feature_importance'] = analyze_feature_importance
   325                                     run_info['early_stop_rounds'] = early_stop_rounds
   326                             
   327                                     df_train, n_start = load_data(load_test=False, N_start=N_start, N_read=N_files_train, N_split=N_splits,
   328                                                                   shuffle=False,
   329                                                                   feature_down_select=feature_down_select, N_features=N_features)
   330                                     df_test, _ = load_data(load_test=True, N_start=n_start, N_read=N_files_test, N_split=N_splits, shuffle=False,
   331                                                            feature_down_select=feature_down_select, N_features=N_features)
   332                             
   333                                     ub.log('generating id diff columns based on various dates columns')
   334                                     dates_cols = [x for x in list(df_train.columns) if 'start_date' in x or 'end_date' in x]
   335                             
   336                                     # print dates_cols
   337                             
   338                                     df_datesort = pd.concat([df_train[['Id'] + dates_cols], df_test[['Id'] + dates_cols]],
   339                                                             ignore_index=True)
   340                                     gc.collect()
   341                             
   342                                     for c in dates_cols:
   343                                         df_datesort.sort_values(by=[c, 'Id'], inplace=True)
   344                                         df_datesort[c + '_id_diff'] = df_datesort['Id'].diff().fillna(999999).astype(int)
   345                                         df_datesort[c + '_id_diff_reverse'] = df_datesort['Id'].iloc[::-1].diff().fillna(999999).astype(int)
   346                             
   347                                         df_datesort.drop([c], axis=1, inplace=True)
   348                             
   349                                     df_datesort.head(n=1000).to_csv(os.path.join(ub.data_dir, 'df_datesort_debug.csv'))
   350                             
   351                                     gc.collect()
   352                                     df_train = df_train.merge(df_datesort, on='Id')
   353                                     df_train.head(n=1000).to_csv(os.path.join(ub.data_dir, 'df_train_debug.csv'))
   354                             
   355                                     gc.collect()
   356                                     df_test = df_test.merge(df_datesort, on='Id')
   357                                     df_test.head(n=1000).to_csv(os.path.join(ub.data_dir, 'df_test_debug.csv'))
   358                             
   359                                     df_test['Response'] = 0
   360                             
   361                                     print df_train.shape
   362                                     print df_test.shape
   363                                     gc.collect()
   364                             
   365                                     # if N_files_train == N_splits:
   366                                     #     split_data(df_train,
   367                                     #                output_fname_template=os.path.join(ub.processed_data_dir, 'df_train_preprocessed_part{}.csv'))
   368                                     # if N_files_test == N_splits:
   369                                     #     split_data(df_test,
   370                                     #                output_fname_template=os.path.join(ub.processed_data_dir, 'df_test_preprocessed_part{}.csv'))
   371                             
   372                                     fillna = True
   373                                     run_info['fillna'] = fillna
   374                                     if fillna:
   375                                         ub.log('Filling na...')
   376                                         for df in [df_train, df_test]:
   377                                             cols_full_flag = df.isnull().any()
   378                                             non_full_cols = list(cols_full_flag[cols_full_flag].index)
   379                                             print 'Non-full columns: {}'.format(len(non_full_cols))
   380                                             # print non_full_cols
   381                             
   382                                             if 1:
   383                                                 df.fillna(-999999, inplace=True)
   384                                             else:
   385                                                 # print df.PersonalField7.unique()
   386                                                 for c in non_full_cols:
   387                                                     if len(df[c].unique()) > 2:
   388                                                         most_frequent_items = df[c].value_counts().idxmax()
   389                                                         print c, most_frequent_items
   390                                                         df[c].fillna(value=most_frequent_items, inplace=True)
   391                                                     else:  # if it is only a pair of value [somthing, nan] then fill in "missing"
   392                                                         df[c].fillna(value='missing', inplace=True)
   393                                                         print c, df[c].unique()
   394                             
   395                                             cols_full_flag = df.isnull().any()
   396                                             non_full_cols = list(cols_full_flag[cols_full_flag].index)
   397                                             print 'Non-full columns: {}'.format(len(non_full_cols))
   398                             
   399                                             le = LabelEncoder()
   400                                             obj_cols = df.select_dtypes(include=['object']).columns
   401                                             # print 'Obj columns: ', list(obj_cols)
   402                                             for col in obj_cols:
   403                                                 df[col] = le.fit_transform(df[col])
   404                             
   405                                         df_train.head(n=1000).to_csv(os.path.join(ub.data_dir, 'df_train_cleanup_debug.csv'))
   406                                         df_test.head(n=1000).to_csv(os.path.join(ub.data_dir, 'df_train_cleanup_debug.csv'))
   407                             
   408                                     ub.log('Dropping Id and Response columns...')
   409                                     columns_to_drop = ['Id', 'Response']
   410                                     shuffle_col = df_train[['Id']].copy()
   411                                     shuffle_col['Id'] = np.random.randn(len(shuffle_col))
   412                             
   413                                     y_total_df = df_train['Response']
   414                                     y_total = df_train['Response'].values
   415                                     df_train.drop(columns_to_drop, axis=1, inplace=True)
   416                                     df_test.drop(columns_to_drop, axis=1, inplace=True)
   417                             
   418                                     print df_train.shape
   419                                     print df_test.shape
   420                                     prior = np.sum(y_total) / (1. * len(y_total))
   421                                     print 'prior: {}'.format(prior)
   422                                     run_info['prior'] = prior
   423                                     gc.collect()
   424                             
   425                                     feature_imp_fname_template = os.path.join(ub.output_dir, 'feature_importance_xgb_{}')
   426                                     run_info['feature_imp_fname_template'] = feature_imp_fname_template
   427                                     top_features_fname = feature_imp_fname_template.format('accumu_list.txt')
   428                                     run_info['top_features_fname'] = top_features_fname
   429                             
   430                                     # if feature_down_select:
   431                                     #     ub.log('Feature down selected based on {}...'.format(top_features_fname))
   432                                     #     #todo may need to set a maxN for the number of features to use
   433                                     #
   434                                     #     with open(top_features_fname, 'r') as tf:
   435                                     #         selected_cols = [x.strip() for x in tf.readlines()]
   436                                     #     df_train = df_train[selected_cols]
   437                                     #     df_test = df_test[selected_cols]
   438                                     #     print df_train.shape
   439                                     #     print df_test.shape
   440                                     #     print df_train.columns
   441                             
   442                                     feature_names = list(df_train.columns)
   443                             
   444                                     postfix_train = '{}_{}of{}'.format(datetime_str, N_files_train, N_splits)
   445                                     postfix_test = '{}_{}of{}'.format(datetime_str, N_files_test, N_splits)
   446                             
   447                                     run_info['postfix_train'] = postfix_train
   448                                     run_info['postfix_test'] = postfix_test
   449                             
   450                                     run_info['testsize'] = testsize
   451                             
   452                                     train_test_split_method = 1
   453                             
   454                                     ub.log('Train/val split using testsize={}, split_method={}'.format(testsize, train_test_split_method))
   455                                     if train_test_split_method == 1:
   456                                         train_idx = shuffle_col[shuffle_col['Id'] > testsize].index
   457                                         val_idx = shuffle_col[shuffle_col['Id'] <= testsize].index
   458                                         ub.log('Done shuffling...')
   459                                         print 'len of train_idx', len(train_idx)
   460                                         print 'len of val_idx', len(val_idx)
   461                                         y_train = y_total_df.loc[train_idx].values
   462                                         y_val = y_total_df.loc[val_idx].values
   463                             
   464                                         xgtrain = xgb.DMatrix(df_train.loc[train_idx].values, y_train, feature_names=feature_names)
   465                                         ub.log('Assembled xgtrain')
   466                                         xgval = xgb.DMatrix(df_train.loc[val_idx].values, y_val, feature_names=feature_names)
   467                                         ub.log('Assembled xgval')
   468                                         del df_train
   469                                         ub.log('Deleted df_train')
   470                                         gc.collect()
   471                                     else:
   472                                         x_train, x_val, y_train, y_val = train_test_split(df_train.values, y_total, test_size=testsize)
   473                                         ub.log('Done shuffling...')
   474                                         print x_train.shape
   475                                         print x_val.shape
   476                                         del df_train
   477                                         gc.collect()
   478                                         ub.log('Deleted df_train')
   479                             
   480                                         xgtrain = xgb.DMatrix(x_train, y_train, feature_names=feature_names)
   481                                         ub.log('Assembled xgtrain')
   482                                         xgval = xgb.DMatrix(x_val, y_val, feature_names=feature_names)
   483                                         ub.log('Assembled xgval')
   484                                         del x_train
   485                                         del x_val
   486                                         gc.collect()
   487                             
   488                                     fname_xgtrain = os.path.join(ub.processed_data_dir, 'xgtrain_{}.buffer'.format(postfix_train))
   489                                     xgtrain.save_binary(fname_xgtrain)
   490                                     ub.log('Saved {}'.format(fname_xgtrain))
   491                             
   492                                     fname_xgval = os.path.join(ub.processed_data_dir, 'xgval_{}.buffer'.format(postfix_train))
   493                                     xgval.save_binary(fname_xgval)
   494                                     ub.log('Saved {}'.format(fname_xgval))
   495                             
   496                                     xgtest = xgb.DMatrix(df_test.values, feature_names=feature_names)
   497                                     ub.log('Assembled xgtest')
   498                                     fname_xgtest = os.path.join(ub.processed_data_dir, 'xgtest_{}.buffer'.format(postfix_test))
   499                                     xgtest.save_binary(fname_xgtest)
   500                                     ub.log('Saved {}'.format(fname_xgtest))
   501                             
   502                                     del df_test
   503                                     gc.collect()
   504                                     ub.log('Deleted df_test')
   505                             
   506                                     print 'train and val set sizes'
   507                                     print xgtrain.num_row(), xgtrain.num_col()
   508                                     print xgval.num_row(), xgval.num_col()
   509                             
   510                                     run_info['fname_xgtrain'] = fname_xgtrain
   511                                     run_info['fname_xgval'] = fname_xgval
   512                                     run_info['fname_xgtest'] = fname_xgtest
   513                             
   514                                     fname_ytrain = os.path.join(ub.processed_data_dir, 'ytrain_{}.npy'.format(postfix_train))
   515                                     fname_yval = os.path.join(ub.processed_data_dir, 'yval_{}.npy'.format(postfix_train))
   516                             
   517                                     np.save(fname_ytrain, y_train)
   518                                     ub.log('Saved '+fname_ytrain)
   519                             
   520                                     np.save(fname_yval, y_val)
   521                                     ub.log('Saved '+fname_yval)
   522                             
   523                                     run_info['fname_ytrain'] = fname_ytrain
   524                                     run_info['fname_yval'] = fname_yval
   525                             
   526    168.5 MiB      0.0 MiB       if train_model:
   527    168.5 MiB      0.0 MiB           assert compile_data or (run_info_fname is not None)
   528                             
   529    168.5 MiB      0.0 MiB           if not compile_data:
   530    168.5 MiB      0.0 MiB               ub.log('(train_model) Loading run info from {} ...'.format(run_info_fname))
   531    168.5 MiB      0.0 MiB               with open(run_info_fname, 'r') as fp:
   532    168.5 MiB      0.0 MiB                   run_info = eval(fp.read())
   533    168.5 MiB      0.0 MiB               print json.dumps(run_info, indent=2)
   534                             
   535    168.5 MiB      0.0 MiB               logged_home_dir = None
   536    168.5 MiB      0.0 MiB               if ub.home_dir not in run_info['fname_xgtrain']:
   537                                             for i in ub.possible_home_dirs:
   538                                                 if i in run_info['fname_xgtrain']:
   539                                                     logged_home_dir = i
   540                             
   541                                             for k in ['fname_xgtrain', 'fname_xgval', 'fname_ytrain', 'fname_yval']:
   542                                                 run_info[k] = run_info[k].replace(logged_home_dir, ub.home_dir)
   543                             
   544                                             if analyze_feature_importance:
   545                                                 for k in ['feature_imp_fname_template', 'top_feature_fname']:
   546                                                     run_info[k] = run_info[k].replace(logged_home_dir, ub.home_dir)
   547                             
   548    168.5 MiB      0.0 MiB               ub.log('Loading xgtrain data {} ...'.format(run_info['fname_xgtrain']))
   549   3177.5 MiB   3009.0 MiB               xgtrain = xgb.DMatrix(run_info['fname_xgtrain'])
   550                             
   551   3177.5 MiB      0.0 MiB               ub.log('Loading xgval data {} ...'.format(run_info['fname_xgval']))
   552   6712.4 MiB   3534.9 MiB               xgval = xgb.DMatrix(run_info['fname_xgval'])
   553                             
   554   6712.4 MiB      0.0 MiB               ub.log('Loading ytrain data {} ...'.format(run_info['fname_ytrain']))
   555   6716.6 MiB      4.2 MiB               y_train = np.load(run_info['fname_ytrain'])
   556                             
   557   6716.6 MiB      0.0 MiB               ub.log('Loading yval data {} ...'.format(run_info['fname_yval']))
   558   6721.4 MiB      4.8 MiB               y_val = np.load(run_info['fname_yval'])
   559                             
   560   6721.4 MiB      0.0 MiB           prior = run_info['prior']
   561   6721.4 MiB      0.0 MiB           postfix_train = run_info['postfix_train']
   562                             
   563   6721.4 MiB      0.0 MiB           xgb_params = get_params(basescore=prior)
   564   6721.4 MiB      0.0 MiB           run_info['xgb_params'] = xgb_params
   565   6721.4 MiB      0.0 MiB           ub.log('Get xgb_params')
   566   6721.4 MiB      0.0 MiB           print xgb_params
   567                             
   568   6721.4 MiB      0.0 MiB           xgb_num_rounds = N_rounds
   569   6721.4 MiB      0.0 MiB           run_info['xgb_num_rounds'] = xgb_num_rounds
   570   6721.4 MiB      0.0 MiB           print 'xgb_num_rounds', xgb_num_rounds
   571   6721.4 MiB      0.0 MiB           if cv:
   572                                         ub.log('Running cross validation...')
   573                                         eval_hist = xgb.cv(xgb_params, xgtrain, num_boost_round=xgb_num_rounds,
   574                                                            early_stopping_rounds=early_stop_rounds,
   575                                                            feval=ub.mcc_eval, maximize=True,
   576                                                            verbose_eval=1, show_stdv=True, nfold=4, seed=0, stratified=True)
   577                                         print eval_hist
   578                                         run_info['eval_hist'] = eval_hist
   579                             
   580                                     else:
   581   6721.4 MiB      0.0 MiB               ub.log('Running training...')
   582   6721.4 MiB      0.0 MiB               watchlist = [(xgtrain, 'train'), (xgval, 'eval')]
   583   6721.4 MiB      0.0 MiB               model = xgb.train(xgb_params, xgtrain, num_boost_round=xgb_num_rounds,
   584   6721.4 MiB      0.0 MiB                                 early_stopping_rounds=early_stop_rounds,
   585   6721.4 MiB      0.0 MiB                                 feval=ub.mcc_eval, maximize=True,
   586   9751.0 MiB   3029.6 MiB                                 evals=watchlist, verbose_eval=True)
   587                             
   588   9751.0 MiB      0.0 MiB               model_fname = os.path.join(ub.output_dir, 'xbg_{}.model'.format(postfix_train))
   589   9751.0 MiB      0.0 MiB               ub.log('Saving model: {}...'.format(model_fname))
   590   9751.0 MiB      0.0 MiB               model.save_model(model_fname)
   591   9751.0 MiB      0.0 MiB               model.dump_model(model_fname + '.raw.txt')
   592   9751.0 MiB      0.0 MiB               run_info['model_fname'] = model_fname
   593                             
   594   9751.0 MiB      0.0 MiB               ntree_limit = model.best_iteration + 1
   595                             
   596   9751.0 MiB      0.0 MiB               ub.log('Predictions on xgtrain...', 'highlight')
   597   9751.0 MiB      0.0 MiB               predictions = model.predict(xgtrain, ntree_limit=ntree_limit)
   598                             
   599   9762.9 MiB     11.9 MiB               best_proba, best_mcc, y_pred = ub.eval_mcc(y_train, predictions, True)
   600   9771.5 MiB      8.5 MiB               mcc_official = matthews_corrcoef(y_train, y_pred)
   601   9771.5 MiB      0.0 MiB               print 'ntree limit:', ntree_limit
   602   9771.5 MiB      0.0 MiB               print 'best_mcc:', best_mcc
   603   9771.5 MiB      0.0 MiB               print 'best_proba:', best_proba
   604   9771.5 MiB      0.0 MiB               print 'matthews_corroef', mcc_official
   605                             
   606   9771.5 MiB      0.0 MiB               run_info['ntree_limit_train'] = ntree_limit
   607   9771.5 MiB      0.0 MiB               run_info['best_mcc_train'] = best_mcc
   608   9771.5 MiB      0.0 MiB               run_info['best_proba_train'] = best_proba
   609   9771.5 MiB      0.0 MiB               run_info['mcc_official_train'] = mcc_official
   610                             
   611   9771.5 MiB      0.0 MiB               ub.log('Predictions on xgval...', 'highlight')
   612   9771.5 MiB      0.0 MiB               predictions = model.predict(xgval, ntree_limit=ntree_limit)
   613                             
   614   9772.8 MiB      1.3 MiB               best_proba, best_mcc, y_pred = ub.eval_mcc(y_val, predictions, True)
   615   9777.6 MiB      4.8 MiB               mcc_official = matthews_corrcoef(y_val, y_pred)
   616   9777.6 MiB      0.0 MiB               print 'ntree limit:', ntree_limit
   617   9777.6 MiB      0.0 MiB               print 'best_mcc:', best_mcc
   618   9777.6 MiB      0.0 MiB               print 'best_proba:', best_proba
   619   9777.6 MiB      0.0 MiB               print 'matthews_corroef', mcc_official
   620                             
   621   9777.6 MiB      0.0 MiB               run_info['ntree_limit_val'] = ntree_limit
   622   9777.6 MiB      0.0 MiB               run_info['best_mcc_val'] = best_mcc
   623   9777.6 MiB      0.0 MiB               run_info['best_proba_val'] = best_proba
   624   9777.6 MiB      0.0 MiB               run_info['mcc_official_val'] = mcc_official
   625                             
   626   9777.6 MiB      0.0 MiB               if analyze_feature_importance:
   627                                             ub.log('Analyzing feature importance...')
   628                                             feature_imp_fname_template = run_info['feature_imp_fname_template']
   629                                             top_features_fname = run_info['top_features_fname']
   630                                             feature_imp_fname = feature_imp_fname_template.format(postfix_train)
   631                                             imp = model.get_fscore()
   632                                             imp = sorted(imp.items(), key=operator.itemgetter(1))
   633                                             imp_df = pd.DataFrame(imp, columns=['feature', 'fscore'])
   634                                             imp_df['fscore'] = imp_df['fscore'] / imp_df['fscore'].sum()
   635                             
   636                                             ub.log('Output result csv to {}...'.format(feature_imp_fname + '.csv'))
   637                                             imp_df.to_csv(feature_imp_fname + '.csv')
   638                             
   639                                             plt.figure()
   640                                             imp_df.plot(kind='barh', x='feature', y='fscore', legend=False, figsize=(6, 10))
   641                                             plt.title('XGBoost Feature Importance @ {}'.format(postfix_train))
   642                                             plt.xlabel('relative importance')
   643                                             plt.gcf().savefig(feature_imp_fname + '.png', bbox_inches='tight')
   644                             
   645                                             feature_lists = glob.glob(feature_imp_fname_template.replace('{}', '*.csv'))
   646                                             ub.log('Aggregating previous analysis results...')
   647                                             print feature_lists
   648                                             features_df = None
   649                                             if feature_lists:
   650                                                 for f_l in feature_lists:
   651                                                     tmp_df = pd.read_csv(f_l, index_col=0)
   652                                                     if features_df is None:
   653                                                         features_df = tmp_df
   654                                                     else:
   655                                                         features_df = pd.concat([features_df, tmp_df], ignore_index=True)
   656                             
   657                                             f_df = features_df.groupby(['feature']).mean().reset_index()
   658                                             f_df['overall'] = True
   659                                             imp_df['overall'] = False
   660                                             merged_df = pd.concat([imp_df, f_df]).sort_values(by=['overall', 'fscore'], ascending=False)
   661                                             sns_plot = sns.factorplot(y='feature', x='fscore', data=merged_df, hue='overall', kind='bar',
   662                                                                       hue_order=[True, False], size=20, aspect=0.5)
   663                                             sns_plot.savefig(feature_imp_fname + '_overall.png', bbox_inches='tight')
   664                             
   665                                             ub.log('Output overall result csv to {}...'.format(top_features_fname))
   666                                             with open(top_features_fname, 'w') as tf:
   667                                                 tf.write('\n'.join(list(set(merged_df.feature.values))))
   668                             
   669                                             merged_df.to_csv(top_features_fname.replace('.txt', '_df.csv'), index=False)
   670                             
   671                             
   672                                             # json has trouble serializing np.float32
   673                                             # with open(run_info_fname, 'w') as fp:
   674                                             #    json.dump(run_info, fp)
   675                             
   676   9777.6 MiB      0.0 MiB       if make_submission:
   677                                     assert train_model or (run_info_fname is not None)
   678                             
   679                                     if not train_model:
   680                                         ub.log('(make_submission) Loading run info from {} ...'.format(run_info_fname))
   681                                         with open(run_info_fname, 'r') as fp:
   682                                             run_info = eval(fp.read())
   683                                         print json.dumps(run_info, indent=2)
   684                             
   685                                         logged_home_dir = None
   686                                         if ub.home_dir not in run_info['model_fname']:
   687                                             for i in ub.possible_home_dirs:
   688                                                 if i in run_info['model_fname']:
   689                                                     logged_home_dir = i
   690                             
   691                                             for k in ['fname_xgtest', 'model_fname']:
   692                                                 run_info[k] = run_info[k].replace(logged_home_dir, ub.home_dir)
   693                             
   694                                         model = xgb.Booster()
   695                                         ub.log('Loading model {} ...'.format(run_info['model_fname']))
   696                                         model.load_model(run_info['model_fname'])
   697                                         ub.log('Loading xgtest data {} ...'.format(run_info['fname_xgtest']))
   698                                         xgtest = xgb.DMatrix(run_info['fname_xgtest'])
   699                                         ub.log('XGB making predictions...')
   700                             
   701                                     postfix_train = run_info['postfix_train']
   702                             
   703                                     ypred = model.predict(xgtest, ntree_limit=run_info['ntree_limit'])
   704                                     nrows = len(ypred)
   705                             
   706                                     sample = pd.read_csv(os.path.join(ub.data_dir, 'sample_submission.csv'), nrows=nrows)
   707                                     sample['Response'] = ypred
   708                                     fname_output = os.path.join(ub.output_dir, "sub_xgboost_{}_prob.csv".format(postfix_train))
   709                                     ub.log('Writing output file (raw proba) {} ...'.format(fname_output))
   710                                     sample.to_csv(fname_output, index=False)
   711                             
   712                                     best_proba = run_info['best_proba']
   713                                     ub.log('Using threshold: best_proba == {}'.format(best_proba))
   714                                     sample['Response'] = (ypred > best_proba).astype(int)
   715                                     fname_output = os.path.join(ub.output_dir, "sub_xgboost_{}.csv".format(postfix_train))
   716                                     ub.log('Writing output file {} ...'.format(fname_output))
   717                                     sample.to_csv(fname_output, index=False)
   718                             
   719   9777.6 MiB      0.0 MiB       if compile_data or train_model:
   720   9777.6 MiB      0.0 MiB           if compile_data:
   721                                         if run_info_fname is not None:
   722                                             ub.log('Ignore input run_info_fname {}'.format(run_info_fname))
   723                                         run_info_fname = os.path.join(ub.output_dir, 'run_info_{}.txt'.format(postfix_train))
   724                                     # else run_info_fname is an input parameter
   725   9777.6 MiB      0.0 MiB           ub.log('Saving run_info into {}'.format(run_info_fname))
   726   9777.8 MiB      0.2 MiB           print pd.Series(run_info)
   727   9777.8 MiB      0.0 MiB           with open(run_info_fname, 'w') as fp:
   728   9777.8 MiB      0.0 MiB               fp.write(str(run_info))
   729                             
   730   9777.8 MiB      0.0 MiB       return run_info_fname


