Filename: main_bosch.py

Line #    Mem usage    Increment   Line Contents
================================================
   312    169.0 MiB      0.0 MiB   @profile(stream=f_mem)
   313                             def main(run_info_fname=None,
   314                                      compile_data=False,
   315                                      train_model=False,
   316                                      make_submission=False,
   317                                      N_start=None,
   318                                      N_files_train=1,
   319                                      N_files_test=1,
   320                                      feature_down_select=False,
   321                                      N_features=700,
   322                                      analyze_feature_importance=False,
   323                                      cv=False,
   324                                      # if True running cross validation if False, run single model training session and importance analysis
   325                                      early_stop_rounds=50,
   326                                      N_rounds=1000,
   327                                      testsize=0.1,
   328                                      xgb_params=None
   329                                      ):
   330    169.0 MiB      0.0 MiB       datetime_str = datetime.datetime.now().strftime("%Y-%m-%d %H:%M:%S")
   331                             
   332    169.0 MiB      0.0 MiB       if compile_data:
   333                                     run_info = dict()
   334                                     N_splits = ub.N_split
   335                                     if N_files_train > N_splits:
   336                                         N_files_train = N_splits
   337                                     if N_files_test > N_splits:
   338                                         N_files_test = N_splits
   339                             
   340                                     if analyze_feature_importance and feature_down_select:
   341                                         assert 0
   342                             
   343                                     run_info['N_splits'] = N_splits
   344                                     run_info['N_files_train'] = N_files_train
   345                                     run_info['N_files_test'] = N_files_test
   346                                     run_info['feature_down_select'] = feature_down_select
   347                                     run_info['N_features'] = N_features
   348                                     run_info['cv'] = cv
   349                                     run_info['analyze_feature_importance'] = analyze_feature_importance
   350                                     run_info['early_stop_rounds'] = early_stop_rounds
   351                             
   352                                     df_train, n_start = load_data(load_test=False, N_start=N_start, N_read=N_files_train, N_split=N_splits,
   353                                                                   shuffle=False,
   354                                                                   feature_down_select=feature_down_select, N_features=N_features)
   355                                     df_test, _ = load_data(load_test=True, N_start=n_start, N_read=N_files_test, N_split=N_splits, shuffle=False,
   356                                                            feature_down_select=feature_down_select, N_features=N_features)
   357                             
   358                                     ub.log('generating id diff columns based on various dates columns')
   359                                     dates_cols = [x for x in list(df_train.columns) if 'start_date' in x or 'end_date' in x]
   360                             
   361                                     # print dates_cols
   362                             
   363                                     df_datesort = pd.concat([df_train[['Id'] + dates_cols], df_test[['Id'] + dates_cols]],
   364                                                             ignore_index=True)
   365                                     gc.collect()
   366                             
   367                                     for c in dates_cols:
   368                                         df_datesort.sort_values(by=[c, 'Id'], inplace=True)
   369                                         df_datesort[c + '_id_diff'] = df_datesort['Id'].diff().fillna(999999).astype(int)
   370                                         df_datesort[c + '_id_diff_reverse'] = df_datesort['Id'].iloc[::-1].diff().fillna(999999).astype(int)
   371                             
   372                                         df_datesort.drop([c], axis=1, inplace=True)
   373                             
   374                                     df_datesort.head(n=1000).to_csv(os.path.join(ub.data_dir, 'df_datesort_debug.csv'))
   375                             
   376                                     gc.collect()
   377                                     df_train = df_train.merge(df_datesort, on='Id')
   378                                     df_train.head(n=1000).to_csv(os.path.join(ub.data_dir, 'df_train_debug.csv'))
   379                             
   380                                     gc.collect()
   381                                     df_test = df_test.merge(df_datesort, on='Id')
   382                                     df_test.head(n=1000).to_csv(os.path.join(ub.data_dir, 'df_test_debug.csv'))
   383                             
   384                                     df_test['Response'] = 0
   385                             
   386                                     print df_train.shape
   387                                     print df_test.shape
   388                                     gc.collect()
   389                             
   390                                     # if N_files_train == N_splits:
   391                                     #     split_data(df_train,
   392                                     #                output_fname_template=os.path.join(ub.processed_data_dir, 'df_train_preprocessed_part{}.csv'))
   393                                     # if N_files_test == N_splits:
   394                                     #     split_data(df_test,
   395                                     #                output_fname_template=os.path.join(ub.processed_data_dir, 'df_test_preprocessed_part{}.csv'))
   396                             
   397                                     fillna = True
   398                                     run_info['fillna'] = fillna
   399                                     if fillna:
   400                                         ub.log('Filling na...')
   401                                         for df in [df_train, df_test]:
   402                                             cols_full_flag = df.isnull().any()
   403                                             non_full_cols = list(cols_full_flag[cols_full_flag].index)
   404                                             print 'Non-full columns: {}'.format(len(non_full_cols))
   405                                             # print non_full_cols
   406                             
   407                                             if 1:
   408                                                 df.fillna(-999999, inplace=True)
   409                                             else:
   410                                                 # print df.PersonalField7.unique()
   411                                                 for c in non_full_cols:
   412                                                     if len(df[c].unique()) > 2:
   413                                                         most_frequent_items = df[c].value_counts().idxmax()
   414                                                         print c, most_frequent_items
   415                                                         df[c].fillna(value=most_frequent_items, inplace=True)
   416                                                     else:  # if it is only a pair of value [somthing, nan] then fill in "missing"
   417                                                         df[c].fillna(value='missing', inplace=True)
   418                                                         print c, df[c].unique()
   419                             
   420                                             cols_full_flag = df.isnull().any()
   421                                             non_full_cols = list(cols_full_flag[cols_full_flag].index)
   422                                             print 'Non-full columns: {}'.format(len(non_full_cols))
   423                             
   424                                             le = LabelEncoder()
   425                                             obj_cols = df.select_dtypes(include=['object']).columns
   426                                             # print 'Obj columns: ', list(obj_cols)
   427                                             for col in obj_cols:
   428                                                 df[col] = le.fit_transform(df[col])
   429                             
   430                                         df_train.head(n=1000).to_csv(os.path.join(ub.data_dir, 'df_train_cleanup_debug.csv'))
   431                                         df_test.head(n=1000).to_csv(os.path.join(ub.data_dir, 'df_train_cleanup_debug.csv'))
   432                             
   433                                     ub.log('Dropping Id and Response columns...')
   434                                     columns_to_drop = ['Id', 'Response']
   435                                     shuffle_col = df_train[['Id']].copy()
   436                                     shuffle_col['Id'] = np.random.randn(len(shuffle_col))
   437                             
   438                                     y_total_df = df_train['Response']
   439                                     y_total = df_train['Response'].values
   440                                     df_train.drop(columns_to_drop, axis=1, inplace=True)
   441                                     df_test.drop(columns_to_drop, axis=1, inplace=True)
   442                             
   443                                     print df_train.shape
   444                                     print df_test.shape
   445                                     prior = np.sum(y_total) / (1. * len(y_total))
   446                                     print 'prior: {}'.format(prior)
   447                                     run_info['prior'] = prior
   448                             
   449                                     gc.collect()
   450                             
   451                                     feature_imp_fname_template = os.path.join(ub.output_dir, 'feature_importance_xgb_{}')
   452                                     run_info['feature_imp_fname_template'] = feature_imp_fname_template
   453                                     top_features_fname = feature_imp_fname_template.format('accumu_list.txt')
   454                                     run_info['top_features_fname'] = top_features_fname
   455                             
   456                                     # if feature_down_select:
   457                                     #     ub.log('Feature down selected based on {}...'.format(top_features_fname))
   458                                     #     #todo may need to set a maxN for the number of features to use
   459                                     #
   460                                     #     with open(top_features_fname, 'r') as tf:
   461                                     #         selected_cols = [x.strip() for x in tf.readlines()]
   462                                     #     df_train = df_train[selected_cols]
   463                                     #     df_test = df_test[selected_cols]
   464                                     #     print df_train.shape
   465                                     #     print df_test.shape
   466                                     #     print df_train.columns
   467                             
   468                                     feature_names = list(df_train.columns)
   469                             
   470                                     postfix_train = '{}_{}of{}'.format(datetime_str, N_files_train, N_splits)
   471                                     postfix_test = '{}_{}of{}'.format(datetime_str, N_files_test, N_splits)
   472                             
   473                                     run_info['postfix_train'] = postfix_train
   474                                     run_info['postfix_test'] = postfix_test
   475                             
   476                                     run_info['testsize'] = testsize
   477                             
   478                                     train_test_split_method = 1
   479                             
   480                                     ub.log('Train/val split using testsize={}, split_method={}'.format(testsize, train_test_split_method))
   481                                     if train_test_split_method == 1:
   482                                         train_idx = shuffle_col[shuffle_col['Id'] > testsize].index
   483                                         val_idx = shuffle_col[shuffle_col['Id'] <= testsize].index
   484                                         ub.log('Done shuffling...')
   485                                         print 'len of train_idx', len(train_idx)
   486                                         print 'len of val_idx', len(val_idx)
   487                                         y_train = y_total_df.loc[train_idx].values
   488                                         y_val = y_total_df.loc[val_idx].values
   489                             
   490                                         xgtrain = xgb.DMatrix(df_train.loc[train_idx].values, y_train, feature_names=feature_names)
   491                                         ub.log('Assembled xgtrain')
   492                                         xgval = xgb.DMatrix(df_train.loc[val_idx].values, y_val, feature_names=feature_names)
   493                                         ub.log('Assembled xgval')
   494                                         del df_train
   495                                         ub.log('Deleted df_train')
   496                                         gc.collect()
   497                                     else:
   498                                         x_train, x_val, y_train, y_val = train_test_split(df_train.values, y_total, test_size=testsize)
   499                                         ub.log('Done shuffling...')
   500                                         print x_train.shape
   501                                         print x_val.shape
   502                                         del df_train
   503                                         gc.collect()
   504                                         ub.log('Deleted df_train')
   505                             
   506                                         xgtrain = xgb.DMatrix(x_train, y_train, feature_names=feature_names)
   507                                         ub.log('Assembled xgtrain')
   508                                         xgval = xgb.DMatrix(x_val, y_val, feature_names=feature_names)
   509                                         ub.log('Assembled xgval')
   510                                         del x_train
   511                                         del x_val
   512                                         gc.collect()
   513                             
   514                                     fname_xgtrain = os.path.join(ub.processed_data_dir, 'xgtrain_{}.buffer'.format(postfix_train))
   515                                     xgtrain.save_binary(fname_xgtrain)
   516                                     ub.log('Saved {}'.format(fname_xgtrain))
   517                             
   518                                     fname_xgval = os.path.join(ub.processed_data_dir, 'xgval_{}.buffer'.format(postfix_train))
   519                                     xgval.save_binary(fname_xgval)
   520                                     ub.log('Saved {}'.format(fname_xgval))
   521                             
   522                                     xgtest = xgb.DMatrix(df_test.values, feature_names=feature_names)
   523                                     ub.log('Assembled xgtest')
   524                                     fname_xgtest = os.path.join(ub.processed_data_dir, 'xgtest_{}.buffer'.format(postfix_test))
   525                                     xgtest.save_binary(fname_xgtest)
   526                                     ub.log('Saved {}'.format(fname_xgtest))
   527                             
   528                                     del df_test
   529                                     gc.collect()
   530                                     ub.log('Deleted df_test')
   531                             
   532                                     print 'train and val set sizes'
   533                                     print xgtrain.num_row(), xgtrain.num_col()
   534                                     print xgval.num_row(), xgval.num_col()
   535                             
   536                                     run_info['fname_xgtrain'] = fname_xgtrain
   537                                     run_info['fname_xgval'] = fname_xgval
   538                                     run_info['fname_xgtest'] = fname_xgtest
   539                             
   540                                     fname_ytrain = os.path.join(ub.processed_data_dir, 'ytrain_{}.npy'.format(postfix_train))
   541                                     fname_yval = os.path.join(ub.processed_data_dir, 'yval_{}.npy'.format(postfix_train))
   542                             
   543                                     np.save(fname_ytrain, y_train)
   544                                     ub.log('Saved ' + fname_ytrain)
   545                             
   546                                     np.save(fname_yval, y_val)
   547                                     ub.log('Saved ' + fname_yval)
   548                             
   549                                     run_info['fname_ytrain'] = fname_ytrain
   550                                     run_info['fname_yval'] = fname_yval
   551                             
   552    169.0 MiB      0.0 MiB       if train_model:
   553    169.0 MiB      0.0 MiB           assert compile_data or (run_info_fname is not None)
   554                             
   555    169.0 MiB      0.0 MiB           if not compile_data:
   556    169.0 MiB      0.0 MiB               ub.log('(train_model) Loading run info from {} ...'.format(run_info_fname))
   557    169.0 MiB      0.0 MiB               with open(run_info_fname, 'r') as fp:
   558    169.0 MiB      0.0 MiB                   run_info = eval(fp.read())
   559    169.0 MiB      0.1 MiB               print json.dumps(run_info, indent=2)
   560                             
   561    169.0 MiB      0.0 MiB               run_info_fname = run_info_fname.replace('.txt', '_{}.txt'.format(datetime_str))
   562                             
   563    169.0 MiB      0.0 MiB               logged_home_dir = None
   564    169.0 MiB      0.0 MiB               if ub.home_dir not in run_info['fname_xgtrain']:
   565                                             for i in ub.possible_home_dirs:
   566                                                 if i in run_info['fname_xgtrain']:
   567                                                     logged_home_dir = i
   568                             
   569                                             for k in ['fname_xgtrain', 'fname_xgval', 'fname_ytrain', 'fname_yval']:
   570                                                 run_info[k] = run_info[k].replace(logged_home_dir, ub.home_dir)
   571                             
   572                                             if analyze_feature_importance:
   573                                                 for k in ['feature_imp_fname_template', 'top_feature_fname']:
   574                                                     run_info[k] = run_info[k].replace(logged_home_dir, ub.home_dir)
   575                             
   576    169.0 MiB      0.0 MiB               ub.log('Loading xgtrain data {} ...'.format(run_info['fname_xgtrain']))
   577   3177.8 MiB   3008.7 MiB               xgtrain = xgb.DMatrix(run_info['fname_xgtrain'])
   578                             
   579   3177.8 MiB      0.0 MiB               ub.log('Loading xgval data {} ...'.format(run_info['fname_xgval']))
   580   6712.9 MiB   3535.2 MiB               xgval = xgb.DMatrix(run_info['fname_xgval'])
   581                             
   582   6712.9 MiB      0.0 MiB               ub.log('Loading ytrain data {} ...'.format(run_info['fname_ytrain']))
   583   6716.9 MiB      4.0 MiB               y_train = np.load(run_info['fname_ytrain'])
   584                             
   585   6716.9 MiB      0.0 MiB               ub.log('Loading yval data {} ...'.format(run_info['fname_yval']))
   586   6722.0 MiB      5.1 MiB               y_val = np.load(run_info['fname_yval'])
   587                             
   588   6722.0 MiB      0.0 MiB           prior = run_info['prior']
   589   6722.0 MiB      0.0 MiB           postfix_train = run_info['postfix_train']
   590                             
   591   6722.0 MiB      0.0 MiB           run_info['cv'] = cv
   592   6722.0 MiB      0.0 MiB           run_info['analyze_feature_importance'] = analyze_feature_importance
   593   6722.0 MiB      0.0 MiB           run_info['early_stop_rounds'] = early_stop_rounds
   594                             
   595   6722.0 MiB      0.0 MiB           if xgb_params is None:
   596                                         xgb_params = get_params(bases_core=prior)
   597                             
   598   6722.0 MiB      0.0 MiB           xgb_params['base_score'] = prior  # n_positive / n_total
   599                                     # xgb_params['scale_pos_weight'] = (1.0 - prior) / prior
   600   6722.0 MiB      0.0 MiB           run_info['xgb_params'] = xgb_params
   601   6722.0 MiB      0.0 MiB           ub.log('Get xgb_params')
   602   6722.0 MiB      0.0 MiB           print xgb_params
   603                             
   604   6722.0 MiB      0.0 MiB           xgb_num_rounds = N_rounds
   605   6722.0 MiB      0.0 MiB           run_info['xgb_num_rounds'] = xgb_num_rounds
   606   6722.0 MiB      0.0 MiB           print 'xgb_num_rounds', xgb_num_rounds
   607   6722.0 MiB      0.0 MiB           if cv:
   608   6722.0 MiB      0.0 MiB               ub.log('Running cross validation...')
   609   6722.0 MiB      0.0 MiB               eval_hist = xgb.cv(xgb_params, xgtrain, num_boost_round=xgb_num_rounds,
   610   6722.0 MiB      0.0 MiB                                  early_stopping_rounds=early_stop_rounds,
   611   6722.0 MiB      0.0 MiB                                  feval=ub.mcc_eval, maximize=True,
   612   6789.8 MiB     67.9 MiB                                  verbose_eval=1, show_stdv=True, nfold=3, seed=0, stratified=True)
   613   6789.8 MiB      0.0 MiB               print eval_hist
   614   6789.8 MiB      0.0 MiB               eval_hist_fname = os.path.join(ub.output_dir, 'cv_eval_history_{}.csv'.format(postfix_train))
   615   6789.8 MiB      0.0 MiB               if not compile_data:
   616   6789.8 MiB      0.0 MiB                   eval_hist_fname = eval_hist_fname.replace('.csv', '_{}.csv'.format(datetime_str))
   617                             
   618                             
   619   6789.8 MiB      0.0 MiB               run_info['eval_hist_fname'] = eval_hist_fname
   620   6789.8 MiB      0.0 MiB               eval_hist.to_csv(eval_hist_fname)
   621                             
   622   6790.2 MiB      0.3 MiB               run_info['cv_score_test'] = eval_hist['test-MCC-mean'].max()
   623   6790.2 MiB      0.0 MiB               run_info['cv_score_train'] = eval_hist['train-MCC-mean'].max()
   624                             
   625                                     if 1:
   626   6790.2 MiB      0.0 MiB               ub.log('Running training...')
   627   6790.2 MiB      0.0 MiB               watchlist = [(xgtrain, 'train'), (xgval, 'eval')]
   628   6790.2 MiB      0.0 MiB               model = xgb.train(xgb_params, xgtrain, num_boost_round=xgb_num_rounds,
   629   6790.2 MiB      0.0 MiB                                 early_stopping_rounds=early_stop_rounds,
   630   6790.2 MiB      0.0 MiB                                 feval=ub.mcc_eval, maximize=True,
   631   9800.4 MiB   3010.2 MiB                                 evals=watchlist, verbose_eval=True)
   632                             
   633   9800.4 MiB      0.0 MiB               model_fname = os.path.join(ub.output_dir, 'xbg_{}.model'.format(postfix_train))
   634   9800.4 MiB      0.0 MiB               if not compile_data:
   635   9800.4 MiB      0.0 MiB                   model_fname = model_fname.replace('.model', '_{}.model'.format(datetime_str))
   636   9800.4 MiB      0.0 MiB               ub.log('Saving model: {}...'.format(model_fname))
   637   9800.4 MiB      0.0 MiB               model.save_model(model_fname)
   638   9800.4 MiB      0.0 MiB               model.dump_model(model_fname + '.raw.txt')
   639   9800.4 MiB      0.0 MiB               run_info['model_fname'] = model_fname
   640                             
   641   9800.4 MiB      0.0 MiB               ntree_limit = model.best_iteration + 1
   642                             
   643   9800.4 MiB      0.0 MiB               ub.log('Predictions on xgtrain...', 'highlight')
   644   9800.4 MiB      0.0 MiB               predictions = model.predict(xgtrain, ntree_limit=ntree_limit)
   645                             
   646   9800.4 MiB      0.0 MiB               best_proba, best_mcc, y_pred = ub.eval_mcc(y_train, predictions, True)
   647   9800.4 MiB      0.0 MiB               mcc_official = matthews_corrcoef(y_train, y_pred)
   648   9800.4 MiB      0.0 MiB               print 'ntree limit:', ntree_limit
   649   9800.4 MiB      0.0 MiB               print 'best_mcc:', best_mcc
   650   9800.4 MiB      0.0 MiB               print 'best_proba:', best_proba
   651   9800.4 MiB      0.0 MiB               print 'matthews_corroef', mcc_official
   652                             
   653   9800.4 MiB      0.0 MiB               run_info['ntree_limit_train'] = ntree_limit
   654   9800.4 MiB      0.0 MiB               run_info['best_mcc_train'] = best_mcc
   655   9800.4 MiB      0.0 MiB               run_info['best_proba_train'] = best_proba
   656   9800.4 MiB      0.0 MiB               run_info['mcc_official_train'] = mcc_official
   657                             
   658   9800.4 MiB      0.0 MiB               ub.log('Predictions on xgval...', 'highlight')
   659   9800.4 MiB      0.0 MiB               predictions = model.predict(xgval, ntree_limit=ntree_limit)
   660                             
   661   9800.4 MiB      0.0 MiB               best_proba, best_mcc, y_pred = ub.eval_mcc(y_val, predictions, True)
   662   9800.4 MiB      0.0 MiB               mcc_official = matthews_corrcoef(y_val, y_pred)
   663   9800.4 MiB      0.0 MiB               print 'ntree limit:', ntree_limit
   664   9800.4 MiB      0.0 MiB               print 'best_mcc:', best_mcc
   665   9800.4 MiB      0.0 MiB               print 'best_proba:', best_proba
   666   9800.4 MiB      0.0 MiB               print 'matthews_corroef', mcc_official
   667                             
   668   9800.4 MiB      0.0 MiB               run_info['ntree_limit_val'] = ntree_limit
   669   9800.4 MiB      0.0 MiB               run_info['best_mcc_val'] = best_mcc
   670   9800.4 MiB      0.0 MiB               run_info['best_proba_val'] = best_proba
   671   9800.4 MiB      0.0 MiB               run_info['mcc_official_val'] = mcc_official
   672                             
   673   9800.4 MiB      0.0 MiB               if analyze_feature_importance:
   674                                             ub.log('Analyzing feature importance...')
   675                                             feature_imp_fname_template = run_info['feature_imp_fname_template']
   676                                             top_features_fname = run_info['top_features_fname']
   677                                             feature_imp_fname = feature_imp_fname_template.format(postfix_train)
   678                                             imp = model.get_fscore()
   679                                             imp = sorted(imp.items(), key=operator.itemgetter(1))
   680                                             imp_df = pd.DataFrame(imp, columns=['feature', 'fscore'])
   681                                             imp_df['fscore'] = imp_df['fscore'] / imp_df['fscore'].sum()
   682                             
   683                                             ub.log('Output result csv to {}...'.format(feature_imp_fname + '.csv'))
   684                                             imp_df.to_csv(feature_imp_fname + '.csv')
   685                             
   686                                             plt.figure()
   687                                             imp_df.plot(kind='barh', x='feature', y='fscore', legend=False, figsize=(6, 10))
   688                                             plt.title('XGBoost Feature Importance @ {}'.format(postfix_train))
   689                                             plt.xlabel('relative importance')
   690                                             plt.gcf().savefig(feature_imp_fname + '.png', bbox_inches='tight')
   691                             
   692                                             feature_lists = glob.glob(feature_imp_fname_template.replace('{}', '*.csv'))
   693                                             ub.log('Aggregating previous analysis results...')
   694                                             print feature_lists
   695                                             features_df = None
   696                                             if feature_lists:
   697                                                 for f_l in feature_lists:
   698                                                     tmp_df = pd.read_csv(f_l, index_col=0)
   699                                                     if features_df is None:
   700                                                         features_df = tmp_df
   701                                                     else:
   702                                                         features_df = pd.concat([features_df, tmp_df], ignore_index=True)
   703                             
   704                                             f_df = features_df.groupby(['feature']).mean().reset_index()
   705                                             f_df['overall'] = True
   706                                             imp_df['overall'] = False
   707                                             merged_df = pd.concat([imp_df, f_df]).sort_values(by=['overall', 'fscore'], ascending=False)
   708                                             sns_plot = sns.factorplot(y='feature', x='fscore', data=merged_df, hue='overall', kind='bar',
   709                                                                       hue_order=[True, False], size=20, aspect=0.5)
   710                                             sns_plot.savefig(feature_imp_fname + '_overall.png', bbox_inches='tight')
   711                             
   712                                             ub.log('Output overall result csv to {}...'.format(top_features_fname))
   713                                             with open(top_features_fname, 'w') as tf:
   714                                                 tf.write('\n'.join(list(set(merged_df.feature.values))))
   715                             
   716                                             merged_df.to_csv(top_features_fname.replace('.txt', '_df.csv'), index=False)
   717                             
   718                             
   719                                             # json has trouble serializing np.float32
   720                                             # with open(run_info_fname, 'w') as fp:
   721                                             #    json.dump(run_info, fp)
   722                             
   723   9800.4 MiB      0.0 MiB       if make_submission:
   724   9800.4 MiB      0.0 MiB           assert (run_info_fname is not None)
   725                             
   726   9800.4 MiB      0.0 MiB           if not train_model and not compile_data:
   727                                         ub.log('(make_submission) Loading run info from {} ...'.format(run_info_fname))
   728                                         with open(run_info_fname, 'r') as fp:
   729                                             run_info = eval(fp.read())
   730                                         print json.dumps(run_info, indent=2)
   731                             
   732   9800.4 MiB      0.0 MiB           if ub.home_dir not in run_info['model_fname']:
   733                                         for i in ub.possible_home_dirs:
   734                                             if i in run_info['model_fname']:
   735                                                 logged_home_dir = i
   736                             
   737   9800.4 MiB      0.0 MiB           for k in ['fname_xgtest', 'model_fname']:
   738   9800.4 MiB      0.0 MiB               if ub.home_dir not in run_info[k]:
   739                                             for i in ub.possible_home_dirs:
   740                                                 if i in run_info[k]:
   741                                                     run_info[k] = run_info[k].replace(i, ub.home_dir)
   742                             
   743   9800.4 MiB      0.0 MiB           if not train_model:
   744                                         model = xgb.Booster()
   745                                         ub.log('Loading model {} ...'.format(run_info['model_fname']))
   746                                         model.load_model(run_info['model_fname'])
   747                             
   748   9800.4 MiB      0.0 MiB           if not compile_data:
   749   9800.4 MiB      0.0 MiB               ub.log('Loading xgtest data {} ...'.format(run_info['fname_xgtest']))
   750  16338.8 MiB   6538.4 MiB               xgtest = xgb.DMatrix(run_info['fname_xgtest'])
   751                             
   752  16338.8 MiB      0.0 MiB           ub.log('XGB making predictions...')
   753                             
   754  16338.8 MiB      0.0 MiB           postfix_train = run_info['postfix_train']
   755                             
   756  16339.0 MiB      0.2 MiB           ypred = model.predict(xgtest, ntree_limit=run_info['ntree_limit_train'])
   757  16339.0 MiB      0.0 MiB           nrows = len(ypred)
   758                             
   759  16387.8 MiB     48.8 MiB           sample = pd.read_csv(os.path.join(ub.data_dir, 'sample_submission.csv'), nrows=nrows)
   760  16337.3 MiB    -50.5 MiB           sample['Response'] = ypred
   761  16337.3 MiB      0.0 MiB           fname_output = os.path.join(ub.output_dir, "sub_xgboost_{}_prob.csv".format(postfix_train))
   762  16337.3 MiB      0.0 MiB           if not compile_data:
   763  16337.3 MiB      0.0 MiB               fname_output = fname_output.replace('.csv', '_{}.csv'.format(datetime_str))
   764  16337.3 MiB      0.0 MiB           ub.log('Writing output file (raw proba) {} ...'.format(fname_output))
   765  16337.3 MiB      0.0 MiB           sample.to_csv(fname_output, index=False)
   766                             
   767  16337.3 MiB      0.0 MiB           best_proba = (run_info['best_proba_train'] + run_info['best_proba_val']) / 2.0
   768  16337.3 MiB      0.0 MiB           ub.log('Using threshold: best_proba == {}'.format(best_proba))
   769  16355.1 MiB     17.8 MiB           sample['Response'] = (ypred > best_proba).astype(int)
   770  16355.1 MiB      0.0 MiB           fname_output = os.path.join(ub.output_dir, "sub_xgboost_{}.csv".format(postfix_train))
   771  16355.1 MiB      0.0 MiB           if not compile_data:
   772  16355.1 MiB      0.0 MiB               fname_output = fname_output.replace('.csv', '_{}.csv'.format(datetime_str))
   773  16355.1 MiB      0.0 MiB           ub.log('Writing output file {} ...'.format(fname_output))
   774  16355.1 MiB      0.0 MiB           sample.to_csv(fname_output, index=False)
   775                             
   776  16355.1 MiB      0.0 MiB       if compile_data or train_model:
   777  16355.1 MiB      0.0 MiB           if compile_data:
   778                                         if run_info_fname is not None:
   779                                             ub.log('Ignore input run_info_fname {}'.format(run_info_fname))
   780                                         run_info_fname = os.path.join(ub.output_dir, 'run_info_{}.txt'.format(postfix_train))
   781                                     # else run_info_fname is an input parameter
   782  16355.1 MiB      0.0 MiB           ub.log('Saving run_info into {}'.format(run_info_fname))
   783  16355.1 MiB      0.0 MiB           print pd.Series(run_info)
   784  16355.1 MiB      0.0 MiB           with open(run_info_fname, 'w') as fp:
   785  16355.1 MiB      0.0 MiB               fp.write(str(run_info))
   786                             
   787  16355.1 MiB      0.0 MiB       return run_info_fname


